# JRE version: OpenJDK Runtime Environment Temurin-17.0.8.1+1 (17.0.8.1+1) (build 17.0.8.1+1)
# Java VM: OpenJDK 64-Bit Server VM Temurin-17.0.8.1+1 (17.0.8.1+1, mixed mode, emulated-client, tiered, compressed oops, compressed class ptrs, g1 gc, windows-amd64)
GC Precious Log:
 CPUs: 2 total, 2 available
 Memory: 3914M
 Large Page Support: Disabled
 NUMA Support: Disabled
 Compressed Oops: Enabled (32-bit)
 Heap Region Size: 1M
 Heap Min Capacity: 8M
 Heap Initial Capacity: 62M
 Heap Max Capacity: 1G
 Pre-touch: Disabled
 Parallel Workers: 2
 Concurrent Workers: 1
 Concurrent Refinement Workers: 2
 Periodic GC: Disabled
Heap:
 garbage-first heap   total 51200K, used 23378K [0x00000000c0000000, 0x0000000100000000)
  region size 1024K, 4 young (4096K), 3 survivors (3072K)
 Metaspace       used 38436K, committed 38848K, reserved 1114112K
  class space    used 5073K, committed 5248K, reserved 1048576K
GC Heap History (20 events):
Event: 34.064 GC heap before
{Heap before GC invocations=2 (full 0):
 garbage-first heap   total 63488K, used 11530K [0x00000000c0000000, 0x0000000100000000)
  region size 1024K, 7 young (7168K), 1 survivors (1024K)
 Metaspace       used 6534K, committed 6656K, reserved 1114112K
  class space    used 656K, committed 704K, reserved 1048576K
}
Event: 34.076 GC heap after
{Heap after GC invocations=3 (full 0):
 garbage-first heap   total 63488K, used 9271K [0x00000000c0000000, 0x0000000100000000)
  region size 1024K, 1 young (1024K), 1 survivors (1024K)
 Metaspace       used 6534K, committed 6656K, reserved 1114112K
  class space    used 656K, committed 704K, reserved 1048576K
}
Event: 41.615 GC heap before
{Heap before GC invocations=3 (full 0):
 garbage-first heap   total 63488K, used 20535K [0x00000000c0000000, 0x0000000100000000)
  region size 1024K, 12 young (12288K), 1 survivors (1024K)
 Metaspace       used 9475K, committed 9728K, reserved 1114112K
  class space    used 1149K, committed 1280K, reserved 1048576K
}
Event: 41.620 GC heap after
{Heap after GC invocations=4 (full 0):
 garbage-first heap   total 63488K, used 10048K [0x00000000c0000000, 0x0000000100000000)
  region size 1024K, 2 young (2048K), 2 survivors (2048K)
 Metaspace       used 9475K, committed 9728K, reserved 1114112K
  class space    used 1149K, committed 1280K, reserved 1048576K
}
Event: 67.260 GC heap before
{Heap before GC invocations=4 (full 0):
 garbage-first heap   total 63488K, used 38720K [0x00000000c0000000, 0x0000000100000000)
  region size 1024K, 30 young (30720K), 2 survivors (2048K)
 Metaspace       used 16905K, committed 17152K, reserved 1114112K
  class space    used 2124K, committed 2240K, reserved 1048576K
}
Event: 67.289 GC heap after
{Heap after GC invocations=5 (full 0):
 garbage-first heap   total 63488K, used 12803K [0x00000000c0000000, 0x0000000100000000)
  region size 1024K, 4 young (4096K), 4 survivors (4096K)
 Metaspace       used 16905K, committed 17152K, reserved 1114112K
  class space    used 2124K, committed 2240K, reserved 1048576K
}
Event: 73.022 GC heap before
{Heap before GC invocations=5 (full 0):
 garbage-first heap   total 63488K, used 29187K [0x00000000c0000000, 0x0000000100000000)
  region size 1024K, 22 young (22528K), 4 survivors (4096K)
 Metaspace       used 21297K, committed 21504K, reserved 1114112K
  class space    used 2625K, committed 2752K, reserved 1048576K
}
Event: 73.049 GC heap after
{Heap after GC invocations=6 (full 0):
 garbage-first heap   total 63488K, used 14594K [0x00000000c0000000, 0x0000000100000000)
  region size 1024K, 2 young (2048K), 2 survivors (2048K)
 Metaspace       used 21297K, committed 21504K, reserved 1114112K
  class space    used 2625K, committed 2752K, reserved 1048576K
}
Event: 81.960 GC heap before
{Heap before GC invocations=7 (full 0):
 garbage-first heap   total 51200K, used 41218K [0x00000000c0000000, 0x0000000100000000)
  region size 1024K, 29 young (29696K), 2 survivors (2048K)
 Metaspace       used 27071K, committed 27392K, reserved 1114112K
  class space    used 3377K, committed 3520K, reserved 1048576K
}
Event: 81.987 GC heap after
{Heap after GC invocations=8 (full 0):
 garbage-first heap   total 51200K, used 16393K [0x00000000c0000000, 0x0000000100000000)
  region size 1024K, 4 young (4096K), 4 survivors (4096K)
 Metaspace       used 27071K, committed 27392K, reserved 1114112K
  class space    used 3377K, committed 3520K, reserved 1048576K
}
Event: 92.473 GC heap before
{Heap before GC invocations=8 (full 0):
 garbage-first heap   total 51200K, used 35849K [0x00000000c0000000, 0x0000000100000000)
  region size 1024K, 24 young (24576K), 4 survivors (4096K)
 Metaspace       used 29381K, committed 29696K, reserved 1114112K
  class space    used 3684K, committed 3840K, reserved 1048576K
}
Event: 92.542 GC heap after
{Heap after GC invocations=9 (full 0):
 garbage-first heap   total 51200K, used 18217K [0x00000000c0000000, 0x0000000100000000)
  region size 1024K, 2 young (2048K), 2 survivors (2048K)
 Metaspace       used 29381K, committed 29696K, reserved 1114112K
  class space    used 3684K, committed 3840K, reserved 1048576K
}
Event: 107.389 GC heap before
{Heap before GC invocations=9 (full 0):
 garbage-first heap   total 51200K, used 36649K [0x00000000c0000000, 0x0000000100000000)
  region size 1024K, 21 young (21504K), 2 survivors (2048K)
 Metaspace       used 32042K, committed 32384K, reserved 1114112K
  class space    used 4070K, committed 4224K, reserved 1048576K
}
Event: 107.432 GC heap after
{Heap after GC invocations=10 (full 0):
 garbage-first heap   total 51200K, used 20204K [0x00000000c0000000, 0x0000000100000000)
  region size 1024K, 2 young (2048K), 2 survivors (2048K)
 Metaspace       used 32042K, committed 32384K, reserved 1114112K
  class space    used 4070K, committed 4224K, reserved 1048576K
}
Event: 117.998 GC heap before
{Heap before GC invocations=10 (full 0):
 garbage-first heap   total 51200K, used 37612K [0x00000000c0000000, 0x0000000100000000)
  region size 1024K, 19 young (19456K), 2 survivors (2048K)
 Metaspace       used 35373K, committed 35776K, reserved 1114112K
  class space    used 4553K, committed 4736K, reserved 1048576K
}
Event: 118.034 GC heap after
{Heap after GC invocations=11 (full 0):
 garbage-first heap   total 51200K, used 21936K [0x00000000c0000000, 0x0000000100000000)
  region size 1024K, 2 young (2048K), 2 survivors (2048K)
 Metaspace       used 35373K, committed 35776K, reserved 1114112K
  class space    used 4553K, committed 4736K, reserved 1048576K
}
Event: 118.225 GC heap before
{Heap before GC invocations=11 (full 0):
 garbage-first heap   total 51200K, used 22960K [0x00000000c0000000, 0x0000000100000000)
  region size 1024K, 4 young (4096K), 2 survivors (2048K)
 Metaspace       used 35592K, committed 35968K, reserved 1114112K
  class space    used 4588K, committed 4800K, reserved 1048576K
}
Event: 118.236 GC heap after
{Heap after GC invocations=12 (full 0):
 garbage-first heap   total 51200K, used 21963K [0x00000000c0000000, 0x0000000100000000)
  region size 1024K, 2 young (2048K), 2 survivors (2048K)
 Metaspace       used 35592K, committed 35968K, reserved 1114112K
  class space    used 4588K, committed 4800K, reserved 1048576K
}
Event: 183.411 GC heap before
{Heap before GC invocations=13 (full 0):
 garbage-first heap   total 51200K, used 39371K [0x00000000c0000000, 0x0000000100000000)
  region size 1024K, 19 young (19456K), 2 survivors (2048K)
 Metaspace       used 38262K, committed 38720K, reserved 1114112K
  class space    used 5044K, committed 5248K, reserved 1048576K
}
Event: 183.602 GC heap after
{Heap after GC invocations=14 (full 0):
 garbage-first heap   total 51200K, used 23378K [0x00000000c0000000, 0x0000000100000000)
  region size 1024K, 3 young (3072K), 3 survivors (3072K)
 Metaspace       used 38262K, committed 38720K, reserved 1114112K
  class space    used 5044K, committed 5248K, reserved 1048576K
}

