# JRE version: OpenJDK Runtime Environment Temurin-17.0.8.1+1 (17.0.8.1+1) (build 17.0.8.1+1)
# Java VM: OpenJDK 64-Bit Server VM Temurin-17.0.8.1+1 (17.0.8.1+1, mixed mode, emulated-client, tiered, compressed oops, compressed class ptrs, g1 gc, windows-amd64)
GC Precious Log:
 CPUs: 2 total, 2 available
 Memory: 3914M
 Large Page Support: Disabled
 NUMA Support: Disabled
 Compressed Oops: Enabled (32-bit)
 Heap Region Size: 1M
 Heap Min Capacity: 8M
 Heap Initial Capacity: 62M
 Heap Max Capacity: 1G
 Pre-touch: Disabled
 Parallel Workers: 2
 Concurrent Workers: 1
 Concurrent Refinement Workers: 2
 Periodic GC: Disabled
Heap:
 garbage-first heap   total 63488K, used 8938K [0x00000000c0000000, 0x0000000100000000)
  region size 1024K, 2 young (2048K), 1 survivors (1024K)
 Metaspace       used 6265K, committed 6400K, reserved 1114112K
  class space    used 624K, committed 704K, reserved 1048576K
GC Heap History (6 events):
Event: 4.680 GC heap before
{Heap before GC invocations=0 (full 0):
 garbage-first heap   total 63488K, used 5120K [0x00000000c0000000, 0x0000000100000000)
  region size 1024K, 6 young (6144K), 0 survivors (0K)
 Metaspace       used 4281K, committed 4416K, reserved 1114112K
  class space    used 415K, committed 512K, reserved 1048576K
}
Event: 5.164 GC heap after
{Heap after GC invocations=1 (full 0):
 garbage-first heap   total 63488K, used 4398K [0x00000000c0000000, 0x0000000100000000)
  region size 1024K, 1 young (1024K), 1 survivors (1024K)
 Metaspace       used 4281K, committed 4416K, reserved 1114112K
  class space    used 415K, committed 512K, reserved 1048576K
}
Event: 6.217 GC heap before
{Heap before GC invocations=1 (full 0):
 garbage-first heap   total 63488K, used 5422K [0x00000000c0000000, 0x0000000100000000)
  region size 1024K, 3 young (3072K), 1 survivors (1024K)
 Metaspace       used 4316K, committed 4480K, reserved 1114112K
  class space    used 419K, committed 512K, reserved 1048576K
}
Event: 6.220 GC heap after
{Heap after GC invocations=2 (full 0):
 garbage-first heap   total 63488K, used 5666K [0x00000000c0000000, 0x0000000100000000)
  region size 1024K, 1 young (1024K), 1 survivors (1024K)
 Metaspace       used 4316K, committed 4480K, reserved 1114112K
  class space    used 419K, committed 512K, reserved 1048576K
}
Event: 6.984 GC heap before
{Heap before GC invocations=2 (full 0):
 garbage-first heap   total 63488K, used 11810K [0x00000000c0000000, 0x0000000100000000)
  region size 1024K, 7 young (7168K), 1 survivors (1024K)
 Metaspace       used 6013K, committed 6144K, reserved 1114112K
  class space    used 584K, committed 640K, reserved 1048576K
}
Event: 6.995 GC heap after
{Heap after GC invocations=3 (full 0):
 garbage-first heap   total 63488K, used 8938K [0x00000000c0000000, 0x0000000100000000)
  region size 1024K, 1 young (1024K), 1 survivors (1024K)
 Metaspace       used 6013K, committed 6144K, reserved 1114112K
  class space    used 584K, committed 640K, reserved 1048576K
}

